<?xml version="1.0" encoding="UTF-8"?>
<!-- Generated by org.testng.reporters.JUnitReportReporter -->
<testsuite skipped="6" hostname="Auntors-MacBook-Air.local" name="org.auntor.testCases.ClassRoutineTestUsingDB" tests="7" failures="0" timestamp="2023-03-28T22:37:30 BDT" time="0.611" errors="1">
  <testcase name="automationEnvStart" time="0.611" classname="org.auntor.testCases.ClassRoutineTestUsingDB">
    <error type="io.appium.java_client.service.local.InvalidServerInstanceException" message="The main Appium script does not exist at &#039;/Users/auntoracharja/Work/SQA/Automation/Appium/DiuSmartApp_Automation_Using_Appium/appium/build/lib/main.js&#039;">
      <![CDATA[io.appium.java_client.service.local.InvalidServerInstanceException: The main Appium script does not exist at '/Users/auntoracharja/Work/SQA/Automation/Appium/DiuSmartApp_Automation_Using_Appium/appium/build/lib/main.js'
at io.appium.java_client.service.local.AppiumServiceBuilder.findMainScript(AppiumServiceBuilder.java:157)
at io.appium.java_client.service.local.AppiumServiceBuilder.loadPathToMainScript(AppiumServiceBuilder.java:296)
at io.appium.java_client.service.local.AppiumServiceBuilder.createArgs(AppiumServiceBuilder.java:313)
at org.openqa.selenium.remote.service.DriverService$Builder.build(DriverService.java:358)
at io.appium.java_client.service.local.AppiumDriverLocalService.buildService(AppiumDriverLocalService.java:91)
at io.appium.java_client.service.local.AppiumDriverLocalService.buildDefaultService(AppiumDriverLocalService.java:87)
at org.auntor.utilities.BaseClass.startServer(BaseClass.java:57)
at org.auntor.utilities.BaseClass.automationEnvStart(BaseClass.java:28)
at sun.reflect.NativeMethodAccessorImpl.invoke0(Native Method)
at sun.reflect.NativeMethodAccessorImpl.invoke(NativeMethodAccessorImpl.java:62)
at sun.reflect.DelegatingMethodAccessorImpl.invoke(DelegatingMethodAccessorImpl.java:43)
at java.lang.reflect.Method.invoke(Method.java:498)
at org.testng.internal.MethodInvocationHelper.invokeMethod(MethodInvocationHelper.java:132)
at org.testng.internal.MethodInvocationHelper.invokeMethodConsideringTimeout(MethodInvocationHelper.java:61)
at org.testng.internal.ConfigInvoker.invokeConfigurationMethod(ConfigInvoker.java:366)
at org.testng.internal.ConfigInvoker.invokeConfigurations(ConfigInvoker.java:320)
at org.testng.internal.TestMethodWorker.invokeBeforeClassMethods(TestMethodWorker.java:176)
at org.testng.internal.TestMethodWorker.run(TestMethodWorker.java:122)
at java.util.ArrayList.forEach(ArrayList.java:1259)
at org.testng.TestRunner.privateRun(TestRunner.java:764)
at org.testng.TestRunner.run(TestRunner.java:585)
at org.testng.SuiteRunner.runTest(SuiteRunner.java:384)
at org.testng.SuiteRunner.runSequentially(SuiteRunner.java:378)
at org.testng.SuiteRunner.privateRun(SuiteRunner.java:337)
at org.testng.SuiteRunner.run(SuiteRunner.java:286)
at org.testng.SuiteRunnerWorker.runSuite(SuiteRunnerWorker.java:53)
at org.testng.SuiteRunnerWorker.run(SuiteRunnerWorker.java:96)
at org.testng.TestNG.runSuitesSequentially(TestNG.java:1218)
at org.testng.TestNG.runSuitesLocally(TestNG.java:1140)
at org.testng.TestNG.runSuites(TestNG.java:1069)
at org.testng.TestNG.run(TestNG.java:1037)
at org.testng.remote.AbstractRemoteTestNG.run(AbstractRemoteTestNG.java:115)
at org.testng.remote.RemoteTestNG.initAndRun(RemoteTestNG.java:251)
at org.testng.remote.RemoteTestNG.main(RemoteTestNG.java:77)
]]>
    </error>
  </testcase> <!-- automationEnvStart -->
  <system-out/>
  <testcase name="checkEmptyClassRoutine" time="0.000" classname="org.auntor.testCases.ClassRoutineTestUsingDB">
    <skipped/>
  </testcase> <!-- checkEmptyClassRoutine -->
  <system-out/>
  <testcase name="checkSemesterRoutineDate" time="0.000" classname="org.auntor.testCases.ClassRoutineTestUsingDB">
    <skipped/>
  </testcase> <!-- checkSemesterRoutineDate -->
  <system-out/>
  <testcase name="checkAddANewCourse" time="0.000" classname="org.auntor.testCases.ClassRoutineTestUsingDB">
    <skipped/>
  </testcase> <!-- checkAddANewCourse -->
  <system-out/>
  <testcase name="checkEmptyScheduleText" time="0.000" classname="org.auntor.testCases.ClassRoutineTestUsingDB">
    <skipped/>
  </testcase> <!-- checkEmptyScheduleText -->
  <system-out/>
  <testcase name="checkAddANewScheduleForToday" time="0.000" classname="org.auntor.testCases.ClassRoutineTestUsingDB">
    <skipped/>
  </testcase> <!-- checkAddANewScheduleForToday -->
  <system-out/>
  <testcase name="checkAddANewScheduleForTomorrow" time="0.000" classname="org.auntor.testCases.ClassRoutineTestUsingDB">
    <skipped/>
  </testcase> <!-- checkAddANewScheduleForTomorrow -->
  <system-out/>
</testsuite> <!-- org.auntor.testCases.ClassRoutineTestUsingDB -->
